Starting a Gradle Daemon, 2 busy and 1 incompatible Daemons could not be reused, use --status for details
:compileJava UP-TO-DATE
:processResources UP-TO-DATE
:classes UP-TO-DATE
:findMainClass
Gradle now uses separate output directories for each JVM language, but this build assumes a single directory for all classes from a source set. This behaviour has been deprecated and is scheduled to be removed in Gradle 5.0
:bootRun
2017-10-30 22:37:33.572  INFO 6816 --- [           main] s.c.a.AnnotationConfigApplicationContext : Refreshing org.springframework.context.annotation.AnnotationConfigApplicationContext@2657cc: startup date [Mon Oct 30 22:37:33 CET 2017]; root of context hierarchy
2017-10-30 22:37:34.184  INFO 6816 --- [           main] f.a.AutowiredAnnotationBeanPostProcessor : JSR-330 'javax.inject.Inject' annotation found and supported for autowiring
2017-10-30 22:37:34.284  INFO 6816 --- [           main] trationDelegate$BeanPostProcessorChecker : Bean 'configurationPropertiesRebinderAutoConfiguration' of type [org.springframework.cloud.autoconfigure.ConfigurationPropertiesRebinderAutoConfiguration$$EnhancerBySpringCGLIB$$43eedcec] is not eligible for getting processed by all BeanPostProcessors (for example: not eligible for auto-proxying)

  .   ____          _            __ _ _
 /\\ / ___'_ __ _ _(_)_ __  __ _ \ \ \ \
( ( )\___ | '_ | '_| | '_ \/ _` | \ \ \ \
 \\/  ___)| |_)| | | | | || (_| |  ) ) ) )
  '  |____| .__|_| |_|_| |_\__, | / / / /
 =========|_|==============|___/=/_/_/_/
 :: Spring Boot ::        (v1.5.2.RELEASE)

2017-10-30 22:37:35.568  INFO 6816 --- [           main] core.order.WarehouseServiceApplication   : No active profile set, falling back to default profiles: default
2017-10-30 22:37:35.584  INFO 6816 --- [           main] ationConfigEmbeddedWebApplicationContext : Refreshing org.springframework.boot.context.embedded.AnnotationConfigEmbeddedWebApplicationContext@106d29b: startup date [Mon Oct 30 22:37:35 CET 2017]; parent: org.springframework.context.annotation.AnnotationConfigApplicationContext@2657cc
2017-10-30 22:37:37.054  INFO 6816 --- [           main] o.s.cloud.context.scope.GenericScope     : BeanFactory id=0aca6cc8-7e06-3173-8018-fbcaaf663e25
2017-10-30 22:37:37.085  INFO 6816 --- [           main] f.a.AutowiredAnnotationBeanPostProcessor : JSR-330 'javax.inject.Inject' annotation found and supported for autowiring
2017-10-30 22:37:37.495  INFO 6816 --- [           main] trationDelegate$BeanPostProcessorChecker : Bean 'org.springframework.cloud.netflix.metrics.MetricsInterceptorConfiguration$MetricsRestTemplateConfiguration' of type [org.springframework.cloud.netflix.metrics.MetricsInterceptorConfiguration$MetricsRestTemplateConfiguration$$EnhancerBySpringCGLIB$$5a018030] is not eligible for getting processed by all BeanPostProcessors (for example: not eligible for auto-proxying)
2017-10-30 22:37:37.511  INFO 6816 --- [           main] trationDelegate$BeanPostProcessorChecker : Bean 'org.springframework.cloud.autoconfigure.ConfigurationPropertiesRebinderAutoConfiguration' of type [org.springframework.cloud.autoconfigure.ConfigurationPropertiesRebinderAutoConfiguration$$EnhancerBySpringCGLIB$$43eedcec] is not eligible for getting processed by all BeanPostProcessors (for example: not eligible for auto-proxying)
2017-10-30 22:37:38.325  INFO 6816 --- [           main] org.xnio                                 : XNIO version 3.3.6.Final
2017-10-30 22:37:38.356  INFO 6816 --- [           main] org.xnio.nio                             : XNIO NIO Implementation Version 3.3.6.Final
2017-10-30 22:37:38.419  WARN 6816 --- [           main] io.undertow.websockets.jsr               : UT026009: XNIO worker was not set on WebSocketDeploymentInfo, the default worker will be used
2017-10-30 22:37:38.419  WARN 6816 --- [           main] io.undertow.websockets.jsr               : UT026010: Buffer pool was not set on WebSocketDeploymentInfo, the default pool will be used
2017-10-30 22:37:38.466  INFO 6816 --- [           main] io.undertow.servlet                      : Initializing Spring embedded WebApplicationContext
2017-10-30 22:37:38.466  INFO 6816 --- [           main] o.s.web.context.ContextLoader            : Root WebApplicationContext: initialization completed in 2882 ms
2017-10-30 22:37:38.808  INFO 6816 --- [           main] o.s.b.w.servlet.ServletRegistrationBean  : Mapping servlet: 'dispatcherServlet' to [/]
2017-10-30 22:37:38.808  INFO 6816 --- [           main] o.s.b.w.servlet.FilterRegistrationBean   : Mapping filter: 'metricsFilter' to: [/*]
2017-10-30 22:37:38.808  INFO 6816 --- [           main] o.s.b.w.servlet.FilterRegistrationBean   : Mapping filter: 'characterEncodingFilter' to: [/*]
2017-10-30 22:37:38.808  INFO 6816 --- [           main] o.s.b.w.servlet.FilterRegistrationBean   : Mapping filter: 'hiddenHttpMethodFilter' to: [/*]
2017-10-30 22:37:38.808  INFO 6816 --- [           main] o.s.b.w.servlet.FilterRegistrationBean   : Mapping filter: 'httpPutFormContentFilter' to: [/*]
2017-10-30 22:37:38.808  INFO 6816 --- [           main] o.s.b.w.servlet.FilterRegistrationBean   : Mapping filter: 'requestContextFilter' to: [/*]
2017-10-30 22:37:38.808  INFO 6816 --- [           main] o.s.b.w.servlet.FilterRegistrationBean   : Mapping filter: 'webRequestLoggingFilter' to: [/*]
2017-10-30 22:37:38.808  INFO 6816 --- [           main] o.s.b.w.servlet.FilterRegistrationBean   : Mapping filter: 'applicationContextIdFilter' to: [/*]
2017-10-30 22:37:40.673  INFO 6816 --- [           main] s.w.s.m.m.a.RequestMappingHandlerAdapter : Looking for @ControllerAdvice: org.springframework.boot.context.embedded.AnnotationConfigEmbeddedWebApplicationContext@106d29b: startup date [Mon Oct 30 22:37:35 CET 2017]; parent: org.springframework.context.annotation.AnnotationConfigApplicationContext@2657cc
2017-10-30 22:37:40.861  INFO 6816 --- [           main] s.w.s.m.m.a.RequestMappingHandlerMapping : Mapped "{[/placeorder/{item}]}" onto public core.order.model.Order core.order.service.WarehouseService.getOrder(int)
2017-10-30 22:37:40.869  INFO 6816 --- [           main] s.w.s.m.m.a.RequestMappingHandlerMapping : Mapped "{[/error]}" onto public org.springframework.http.ResponseEntity<java.util.Map<java.lang.String, java.lang.Object>> org.springframework.boot.autoconfigure.web.BasicErrorController.error(javax.servlet.http.HttpServletRequest)
2017-10-30 22:37:40.869  INFO 6816 --- [           main] s.w.s.m.m.a.RequestMappingHandlerMapping : Mapped "{[/error],produces=[text/html]}" onto public org.springframework.web.servlet.ModelAndView org.springframework.boot.autoconfigure.web.BasicErrorController.errorHtml(javax.servlet.http.HttpServletRequest,javax.servlet.http.HttpServletResponse)
2017-10-30 22:37:40.909  INFO 6816 --- [           main] o.s.w.s.handler.SimpleUrlHandlerMapping  : Mapped URL path [/webjars/**] onto handler of type [class org.springframework.web.servlet.resource.ResourceHttpRequestHandler]
2017-10-30 22:37:40.909  INFO 6816 --- [           main] o.s.w.s.handler.SimpleUrlHandlerMapping  : Mapped URL path [/**] onto handler of type [class org.springframework.web.servlet.resource.ResourceHttpRequestHandler]
2017-10-30 22:37:40.977  INFO 6816 --- [           main] o.s.w.s.handler.SimpleUrlHandlerMapping  : Mapped URL path [/**/favicon.ico] onto handler of type [class org.springframework.web.servlet.resource.ResourceHttpRequestHandler]
2017-10-30 22:37:42.142  INFO 6816 --- [           main] o.s.b.a.e.mvc.EndpointHandlerMapping     : Mapped "{[/metrics/{name:.*}],methods=[GET],produces=[application/vnd.spring-boot.actuator.v1+json || application/json]}" onto public java.lang.Object org.springframework.boot.actuate.endpoint.mvc.MetricsMvcEndpoint.value(java.lang.String)
2017-10-30 22:37:42.142  INFO 6816 --- [           main] o.s.b.a.e.mvc.EndpointHandlerMapping     : Mapped "{[/metrics || /metrics.json],methods=[GET],produces=[application/vnd.spring-boot.actuator.v1+json || application/json]}" onto public java.lang.Object org.springframework.boot.actuate.endpoint.mvc.EndpointMvcAdapter.invoke()
2017-10-30 22:37:42.142  INFO 6816 --- [           main] o.s.b.a.e.mvc.EndpointHandlerMapping     : Mapped "{[/dump || /dump.json],methods=[GET],produces=[application/vnd.spring-boot.actuator.v1+json || application/json]}" onto public java.lang.Object org.springframework.boot.actuate.endpoint.mvc.EndpointMvcAdapter.invoke()
2017-10-30 22:37:42.142  INFO 6816 --- [           main] o.s.b.a.e.mvc.EndpointHandlerMapping     : Mapped "{[/refresh || /refresh.json],methods=[POST]}" onto public java.lang.Object org.springframework.cloud.endpoint.GenericPostableMvcEndpoint.invoke()
2017-10-30 22:37:42.146  INFO 6816 --- [           main] o.s.b.a.e.mvc.EndpointHandlerMapping     : Mapped "{[/trace || /trace.json],methods=[GET],produces=[application/vnd.spring-boot.actuator.v1+json || application/json]}" onto public java.lang.Object org.springframework.boot.actuate.endpoint.mvc.EndpointMvcAdapter.invoke()
2017-10-30 22:37:42.146  INFO 6816 --- [           main] o.s.b.a.e.mvc.EndpointHandlerMapping     : Mapped "{[/heapdump || /heapdump.json],methods=[GET],produces=[application/octet-stream]}" onto public void org.springframework.boot.actuate.endpoint.mvc.HeapdumpMvcEndpoint.invoke(boolean,javax.servlet.http.HttpServletRequest,javax.servlet.http.HttpServletResponse) throws java.io.IOException,javax.servlet.ServletException
2017-10-30 22:37:42.146  INFO 6816 --- [           main] o.s.b.a.e.mvc.EndpointHandlerMapping     : Mapped "{[/resume || /resume.json],methods=[POST]}" onto public java.lang.Object org.springframework.cloud.endpoint.GenericPostableMvcEndpoint.invoke()
2017-10-30 22:37:42.146  INFO 6816 --- [           main] o.s.b.a.e.mvc.EndpointHandlerMapping     : Mapped "{[/mappings || /mappings.json],methods=[GET],produces=[application/vnd.spring-boot.actuator.v1+json || application/json]}" onto public java.lang.Object org.springframework.boot.actuate.endpoint.mvc.EndpointMvcAdapter.invoke()
2017-10-30 22:37:42.146  INFO 6816 --- [           main] o.s.b.a.e.mvc.EndpointHandlerMapping     : Mapped "{[/env],methods=[POST]}" onto public java.lang.Object org.springframework.cloud.context.environment.EnvironmentManagerMvcEndpoint.value(java.util.Map<java.lang.String, java.lang.String>)
2017-10-30 22:37:42.150  INFO 6816 --- [           main] o.s.b.a.e.mvc.EndpointHandlerMapping     : Mapped "{[/env/reset],methods=[POST]}" onto public java.util.Map<java.lang.String, java.lang.Object> org.springframework.cloud.context.environment.EnvironmentManagerMvcEndpoint.reset()
2017-10-30 22:37:42.150  INFO 6816 --- [           main] o.s.b.a.e.mvc.EndpointHandlerMapping     : Mapped "{[/info || /info.json],methods=[GET],produces=[application/vnd.spring-boot.actuator.v1+json || application/json]}" onto public java.lang.Object org.springframework.boot.actuate.endpoint.mvc.EndpointMvcAdapter.invoke()
2017-10-30 22:37:42.150  INFO 6816 --- [           main] o.s.b.a.e.mvc.EndpointHandlerMapping     : Mapped "{[/autoconfig || /autoconfig.json],methods=[GET],produces=[application/vnd.spring-boot.actuator.v1+json || application/json]}" onto public java.lang.Object org.springframework.boot.actuate.endpoint.mvc.EndpointMvcAdapter.invoke()
2017-10-30 22:37:42.154  INFO 6816 --- [           main] o.s.b.a.e.mvc.EndpointHandlerMapping     : Mapped "{[/env/{name:.*}],methods=[GET],produces=[application/vnd.spring-boot.actuator.v1+json || application/json]}" onto public java.lang.Object org.springframework.boot.actuate.endpoint.mvc.EnvironmentMvcEndpoint.value(java.lang.String)
2017-10-30 22:37:42.154  INFO 6816 --- [           main] o.s.b.a.e.mvc.EndpointHandlerMapping     : Mapped "{[/env || /env.json],methods=[GET],produces=[application/vnd.spring-boot.actuator.v1+json || application/json]}" onto public java.lang.Object org.springframework.boot.actuate.endpoint.mvc.EndpointMvcAdapter.invoke()
2017-10-30 22:37:42.158  INFO 6816 --- [           main] o.s.b.a.e.mvc.EndpointHandlerMapping     : Mapped "{[/loggers/{name:.*}],methods=[GET],produces=[application/vnd.spring-boot.actuator.v1+json || application/json]}" onto public java.lang.Object org.springframework.boot.actuate.endpoint.mvc.LoggersMvcEndpoint.get(java.lang.String)
2017-10-30 22:37:42.158  INFO 6816 --- [           main] o.s.b.a.e.mvc.EndpointHandlerMapping     : Mapped "{[/loggers/{name:.*}],methods=[POST],consumes=[application/vnd.spring-boot.actuator.v1+json || application/json],produces=[application/vnd.spring-boot.actuator.v1+json || application/json]}" onto public java.lang.Object org.springframework.boot.actuate.endpoint.mvc.LoggersMvcEndpoint.set(java.lang.String,java.util.Map<java.lang.String, java.lang.String>)
2017-10-30 22:37:42.158  INFO 6816 --- [           main] o.s.b.a.e.mvc.EndpointHandlerMapping     : Mapped "{[/loggers || /loggers.json],methods=[GET],produces=[application/vnd.spring-boot.actuator.v1+json || application/json]}" onto public java.lang.Object org.springframework.boot.actuate.endpoint.mvc.EndpointMvcAdapter.invoke()
2017-10-30 22:37:42.158  INFO 6816 --- [           main] o.s.b.a.e.mvc.EndpointHandlerMapping     : Mapped "{[/restart || /restart.json],methods=[POST]}" onto public java.lang.Object org.springframework.cloud.context.restart.RestartMvcEndpoint.invoke()
2017-10-30 22:37:42.158  INFO 6816 --- [           main] o.s.b.a.e.mvc.EndpointHandlerMapping     : Mapped "{[/health || /health.json],methods=[GET],produces=[application/vnd.spring-boot.actuator.v1+json || application/json]}" onto public java.lang.Object org.springframework.boot.actuate.endpoint.mvc.HealthMvcEndpoint.invoke(javax.servlet.http.HttpServletRequest,java.security.Principal)
2017-10-30 22:37:42.162  INFO 6816 --- [           main] o.s.b.a.e.mvc.EndpointHandlerMapping     : Mapped "{[/service-registry/instance-status],methods=[POST]}" onto public org.springframework.http.ResponseEntity<?> org.springframework.cloud.client.serviceregistry.endpoint.ServiceRegistryEndpoint.setStatus(java.lang.String)
2017-10-30 22:37:42.162  INFO 6816 --- [           main] o.s.b.a.e.mvc.EndpointHandlerMapping     : Mapped "{[/service-registry/instance-status],methods=[GET]}" onto public org.springframework.http.ResponseEntity org.springframework.cloud.client.serviceregistry.endpoint.ServiceRegistryEndpoint.getStatus()
2017-10-30 22:37:42.162  INFO 6816 --- [           main] o.s.b.a.e.mvc.EndpointHandlerMapping     : Mapped "{[/auditevents || /auditevents.json],methods=[GET],produces=[application/vnd.spring-boot.actuator.v1+json || application/json]}" onto public org.springframework.http.ResponseEntity<?> org.springframework.boot.actuate.endpoint.mvc.AuditEventsMvcEndpoint.findByPrincipalAndAfterAndType(java.lang.String,java.util.Date,java.lang.String)
2017-10-30 22:37:42.162  INFO 6816 --- [           main] o.s.b.a.e.mvc.EndpointHandlerMapping     : Mapped "{[/configprops || /configprops.json],methods=[GET],produces=[application/vnd.spring-boot.actuator.v1+json || application/json]}" onto public java.lang.Object org.springframework.boot.actuate.endpoint.mvc.EndpointMvcAdapter.invoke()
2017-10-30 22:37:42.162  INFO 6816 --- [           main] o.s.b.a.e.mvc.EndpointHandlerMapping     : Mapped "{[/archaius || /archaius.json],methods=[GET],produces=[application/vnd.spring-boot.actuator.v1+json || application/json]}" onto public java.lang.Object org.springframework.boot.actuate.endpoint.mvc.EndpointMvcAdapter.invoke()
2017-10-30 22:37:42.166  INFO 6816 --- [           main] o.s.b.a.e.mvc.EndpointHandlerMapping     : Mapped "{[/pause || /pause.json],methods=[POST]}" onto public java.lang.Object org.springframework.cloud.endpoint.GenericPostableMvcEndpoint.invoke()
2017-10-30 22:37:42.166  INFO 6816 --- [           main] o.s.b.a.e.mvc.EndpointHandlerMapping     : Mapped "{[/features || /features.json],methods=[GET],produces=[application/vnd.spring-boot.actuator.v1+json || application/json]}" onto public java.lang.Object org.springframework.boot.actuate.endpoint.mvc.EndpointMvcAdapter.invoke()
2017-10-30 22:37:42.166  INFO 6816 --- [           main] o.s.b.a.e.mvc.EndpointHandlerMapping     : Mapped "{[/beans || /beans.json],methods=[GET],produces=[application/vnd.spring-boot.actuator.v1+json || application/json]}" onto public java.lang.Object org.springframework.boot.actuate.endpoint.mvc.EndpointMvcAdapter.invoke()
2017-10-30 22:37:42.429  WARN 6816 --- [           main] c.n.c.sources.URLConfigurationSource     : No URLs will be polled as dynamic configuration sources.
2017-10-30 22:37:42.429  INFO 6816 --- [           main] c.n.c.sources.URLConfigurationSource     : To enable URLs as dynamic configuration sources, define System property archaius.configurationSource.additionalUrls or make config.properties available on classpath.
2017-10-30 22:37:42.445  WARN 6816 --- [           main] c.n.c.sources.URLConfigurationSource     : No URLs will be polled as dynamic configuration sources.
2017-10-30 22:37:42.445  INFO 6816 --- [           main] c.n.c.sources.URLConfigurationSource     : To enable URLs as dynamic configuration sources, define System property archaius.configurationSource.additionalUrls or make config.properties available on classpath.
2017-10-30 22:37:42.564  INFO 6816 --- [           main] o.s.j.e.a.AnnotationMBeanExporter        : Registering beans for JMX exposure on startup
2017-10-30 22:37:42.576  INFO 6816 --- [           main] o.s.j.e.a.AnnotationMBeanExporter        : Bean with name 'environmentManager' has been autodetected for JMX exposure
2017-10-30 22:37:42.576  INFO 6816 --- [           main] o.s.j.e.a.AnnotationMBeanExporter        : Bean with name 'configurationPropertiesRebinder' has been autodetected for JMX exposure
2017-10-30 22:37:42.580  INFO 6816 --- [           main] o.s.j.e.a.AnnotationMBeanExporter        : Bean with name 'refreshEndpoint' has been autodetected for JMX exposure
2017-10-30 22:37:42.580  INFO 6816 --- [           main] o.s.j.e.a.AnnotationMBeanExporter        : Bean with name 'restartEndpoint' has been autodetected for JMX exposure
2017-10-30 22:37:42.580  INFO 6816 --- [           main] o.s.j.e.a.AnnotationMBeanExporter        : Bean with name 'serviceRegistryEndpoint' has been autodetected for JMX exposure
2017-10-30 22:37:42.580  INFO 6816 --- [           main] o.s.j.e.a.AnnotationMBeanExporter        : Bean with name 'refreshScope' has been autodetected for JMX exposure
2017-10-30 22:37:42.584  INFO 6816 --- [           main] o.s.j.e.a.AnnotationMBeanExporter        : Located managed bean 'environmentManager': registering with JMX server as MBean [org.springframework.cloud.context.environment:name=environmentManager,type=EnvironmentManager]
2017-10-30 22:37:42.596  INFO 6816 --- [           main] o.s.j.e.a.AnnotationMBeanExporter        : Located managed bean 'restartEndpoint': registering with JMX server as MBean [org.springframework.cloud.context.restart:name=restartEndpoint,type=RestartEndpoint]
2017-10-30 22:37:42.608  INFO 6816 --- [           main] o.s.j.e.a.AnnotationMBeanExporter        : Located managed bean 'serviceRegistryEndpoint': registering with JMX server as MBean [org.springframework.cloud.client.serviceregistry.endpoint:name=serviceRegistryEndpoint,type=ServiceRegistryEndpoint]
2017-10-30 22:37:42.616  INFO 6816 --- [           main] o.s.j.e.a.AnnotationMBeanExporter        : Located managed bean 'refreshScope': registering with JMX server as MBean [org.springframework.cloud.context.scope.refresh:name=refreshScope,type=RefreshScope]
2017-10-30 22:37:42.632  INFO 6816 --- [           main] o.s.j.e.a.AnnotationMBeanExporter        : Located managed bean 'configurationPropertiesRebinder': registering with JMX server as MBean [org.springframework.cloud.context.properties:name=configurationPropertiesRebinder,context=106d29b,type=ConfigurationPropertiesRebinder]
2017-10-30 22:37:42.640  INFO 6816 --- [           main] o.s.j.e.a.AnnotationMBeanExporter        : Located managed bean 'refreshEndpoint': registering with JMX server as MBean [org.springframework.cloud.endpoint:name=refreshEndpoint,type=RefreshEndpoint]
2017-10-30 22:37:42.827  INFO 6816 --- [           main] o.s.c.support.DefaultLifecycleProcessor  : Starting beans in phase 0
2017-10-30 22:37:42.945  INFO 6816 --- [           main] b.c.e.u.UndertowEmbeddedServletContainer : Undertow started on port(s) 60632 (http)
2017-10-30 22:37:42.945  INFO 6816 --- [           main] .s.c.n.e.s.EurekaAutoServiceRegistration : Updating port to 60632
2017-10-30 22:37:42.957  INFO 6816 --- [           main] o.s.c.n.eureka.InstanceInfoFactory       : Setting initial instance status as: STARTING
2017-10-30 22:37:43.037  INFO 6816 --- [           main] com.netflix.discovery.DiscoveryClient    : Initializing Eureka in region us-east-1
2017-10-30 22:37:43.509  INFO 6816 --- [           main] c.n.d.provider.DiscoveryJerseyProvider   : Using JSON encoding codec LegacyJacksonJson
2017-10-30 22:37:43.509  INFO 6816 --- [           main] c.n.d.provider.DiscoveryJerseyProvider   : Using JSON decoding codec LegacyJacksonJson
2017-10-30 22:37:43.785  INFO 6816 --- [           main] c.n.d.provider.DiscoveryJerseyProvider   : Using XML encoding codec XStreamXml
2017-10-30 22:37:43.785  INFO 6816 --- [           main] c.n.d.provider.DiscoveryJerseyProvider   : Using XML decoding codec XStreamXml
2017-10-30 22:37:44.298  INFO 6816 --- [           main] c.n.d.s.r.aws.ConfigClusterResolver      : Resolving eureka endpoints via configuration
2017-10-30 22:37:44.854  INFO 6816 --- [           main] com.netflix.discovery.DiscoveryClient    : Disable delta property : false
2017-10-30 22:37:44.854  INFO 6816 --- [           main] com.netflix.discovery.DiscoveryClient    : Single vip registry refresh property : null
2017-10-30 22:37:44.854  INFO 6816 --- [           main] com.netflix.discovery.DiscoveryClient    : Force full registry fetch : false
2017-10-30 22:37:44.854  INFO 6816 --- [           main] com.netflix.discovery.DiscoveryClient    : Application is null : false
2017-10-30 22:37:44.854  INFO 6816 --- [           main] com.netflix.discovery.DiscoveryClient    : Registered Applications size is zero : true
2017-10-30 22:37:44.854  INFO 6816 --- [           main] com.netflix.discovery.DiscoveryClient    : Application version is -1: true
2017-10-30 22:37:44.854  INFO 6816 --- [           main] com.netflix.discovery.DiscoveryClient    : Getting all instance registry info from the eureka server
2017-10-30 22:37:45.242  INFO 6816 --- [           main] com.netflix.discovery.DiscoveryClient    : The response status is 200
2017-10-30 22:37:45.246  INFO 6816 --- [           main] com.netflix.discovery.DiscoveryClient    : Starting heartbeat executor: renew interval is: 10
2017-10-30 22:37:45.250  INFO 6816 --- [           main] c.n.discovery.InstanceInfoReplicator     : InstanceInfoReplicator onDemand update allowed rate per min is 4
2017-10-30 22:37:45.254  INFO 6816 --- [           main] com.netflix.discovery.DiscoveryClient    : Discovery Client initialized at timestamp 1509399465254 with initial instances count: 3
2017-10-30 22:37:45.294  INFO 6816 --- [           main] o.s.c.n.e.s.EurekaServiceRegistry        : Registering application warehouse-service with eureka with status UP
2017-10-30 22:37:45.298  INFO 6816 --- [           main] com.netflix.discovery.DiscoveryClient    : Saw local status change event StatusChangeEvent [timestamp=1509399465298, current=UP, previous=STARTING]
2017-10-30 22:37:45.302  INFO 6816 --- [nfoReplicator-0] com.netflix.discovery.DiscoveryClient    : DiscoveryClient_WAREHOUSE-SERVICE/warehouse-service:d4f4d16e23c803479bbc08ec77c5144f: registering service...
2017-10-30 22:37:45.314  INFO 6816 --- [           main] core.order.WarehouseServiceApplication   : Started WarehouseServiceApplication in 13.613 seconds (JVM running for 14.515)
2017-10-30 22:37:45.362  INFO 6816 --- [nfoReplicator-0] com.netflix.discovery.DiscoveryClient    : DiscoveryClient_WAREHOUSE-SERVICE/warehouse-service:d4f4d16e23c803479bbc08ec77c5144f - registration status: 204
2017-10-30 22:38:41.537  INFO 6816 --- [  XNIO-2 task-1] io.undertow.servlet                      : Initializing Spring FrameworkServlet 'dispatcherServlet'
2017-10-30 22:38:41.537  INFO 6816 --- [  XNIO-2 task-1] o.s.web.servlet.DispatcherServlet        : FrameworkServlet 'dispatcherServlet': initialization started
2017-10-30 22:38:41.561  INFO 6816 --- [  XNIO-2 task-1] o.s.web.servlet.DispatcherServlet        : FrameworkServlet 'dispatcherServlet': initialization completed in 24 ms
