Starting a Gradle Daemon, 2 busy and 1 incompatible Daemons could not be reused, use --status for details
:compileJava UP-TO-DATE
:processResources UP-TO-DATE
:classes UP-TO-DATE
:findMainClass
:bootRun
2017-10-30 19:35:42.569  INFO 8064 --- [           main] s.c.a.AnnotationConfigApplicationContext : Refreshing org.springframework.context.annotation.AnnotationConfigApplicationContext@677343: startup date [Mon Oct 30 19:35:42 CET 2017]; root of context hierarchy
2017-10-30 19:35:43.535  INFO 8064 --- [           main] f.a.AutowiredAnnotationBeanPostProcessor : JSR-330 'javax.inject.Inject' annotation found and supported for autowiring
2017-10-30 19:35:43.690  INFO 8064 --- [           main] trationDelegate$BeanPostProcessorChecker : Bean 'configurationPropertiesRebinderAutoConfiguration' of type [org.springframework.cloud.autoconfigure.ConfigurationPropertiesRebinderAutoConfiguration$$EnhancerBySpringCGLIB$$3666cfa2] is not eligible for getting processed by all BeanPostProcessors (for example: not eligible for auto-proxying)

  .   ____          _            __ _ _
 /\\ / ___'_ __ _ _(_)_ __  __ _ \ \ \ \
( ( )\___ | '_ | '_| | '_ \/ _` | \ \ \ \
 \\/  ___)| |_)| | | | | || (_| |  ) ) ) )
  '  |____| .__|_| |_|_| |_\__, | / / / /
 =========|_|==============|___/=/_/_/_/
 :: Spring Boot ::        (v1.5.4.RELEASE)

2017-10-30 19:35:47.092  INFO 8064 --- [           main] support.discovery.EurekaApplication      : No active profile set, falling back to default profiles: default
2017-10-30 19:35:47.137  INFO 8064 --- [           main] ationConfigEmbeddedWebApplicationContext : Refreshing org.springframework.boot.context.embedded.AnnotationConfigEmbeddedWebApplicationContext@47a020: startup date [Mon Oct 30 19:35:47 CET 2017]; parent: org.springframework.context.annotation.AnnotationConfigApplicationContext@677343
2017-10-30 19:35:50.612  INFO 8064 --- [           main] o.s.cloud.context.scope.GenericScope     : BeanFactory id=e0620df1-2fe7-318c-a772-ce8bfdbb0549
2017-10-30 19:35:50.671  INFO 8064 --- [           main] f.a.AutowiredAnnotationBeanPostProcessor : JSR-330 'javax.inject.Inject' annotation found and supported for autowiring
2017-10-30 19:35:50.868  INFO 8064 --- [           main] trationDelegate$BeanPostProcessorChecker : Bean 'org.springframework.cloud.netflix.metrics.MetricsInterceptorConfiguration$MetricsRestTemplateConfiguration' of type [org.springframework.cloud.netflix.metrics.MetricsInterceptorConfiguration$MetricsRestTemplateConfiguration$$EnhancerBySpringCGLIB$$4c7972e6] is not eligible for getting processed by all BeanPostProcessors (for example: not eligible for auto-proxying)
2017-10-30 19:35:50.898  INFO 8064 --- [           main] trationDelegate$BeanPostProcessorChecker : Bean 'org.springframework.cloud.autoconfigure.ConfigurationPropertiesRebinderAutoConfiguration' of type [org.springframework.cloud.autoconfigure.ConfigurationPropertiesRebinderAutoConfiguration$$EnhancerBySpringCGLIB$$3666cfa2] is not eligible for getting processed by all BeanPostProcessors (for example: not eligible for auto-proxying)
2017-10-30 19:35:52.591  INFO 8064 --- [           main] org.xnio                                 : XNIO version 3.3.6.Final
2017-10-30 19:35:52.633  INFO 8064 --- [           main] org.xnio.nio                             : XNIO NIO Implementation Version 3.3.6.Final
2017-10-30 19:35:52.747  WARN 8064 --- [           main] io.undertow.websockets.jsr               : UT026009: XNIO worker was not set on WebSocketDeploymentInfo, the default worker will be used
2017-10-30 19:35:52.748  WARN 8064 --- [           main] io.undertow.websockets.jsr               : UT026010: Buffer pool was not set on WebSocketDeploymentInfo, the default pool will be used
2017-10-30 19:35:52.823  INFO 8064 --- [           main] io.undertow.servlet                      : Initializing Spring embedded WebApplicationContext
2017-10-30 19:35:52.824  INFO 8064 --- [           main] o.s.web.context.ContextLoader            : Root WebApplicationContext: initialization completed in 5687 ms
2017-10-30 19:35:54.490  INFO 8064 --- [           main] o.s.b.w.servlet.FilterRegistrationBean   : Mapping filter: 'metricsFilter' to: [/*]
2017-10-30 19:35:54.492  INFO 8064 --- [           main] o.s.b.w.servlet.FilterRegistrationBean   : Mapping filter: 'characterEncodingFilter' to: [/*]
2017-10-30 19:35:54.493  INFO 8064 --- [           main] o.s.b.w.servlet.FilterRegistrationBean   : Mapping filter: 'hiddenHttpMethodFilter' to: [/*]
2017-10-30 19:35:54.494  INFO 8064 --- [           main] o.s.b.w.servlet.FilterRegistrationBean   : Mapping filter: 'httpPutFormContentFilter' to: [/*]
2017-10-30 19:35:54.494  INFO 8064 --- [           main] o.s.b.w.servlet.FilterRegistrationBean   : Mapping filter: 'requestContextFilter' to: [/*]
2017-10-30 19:35:54.495  INFO 8064 --- [           main] o.s.b.w.servlet.FilterRegistrationBean   : Mapping filter: 'webRequestTraceFilter' to: [/*]
2017-10-30 19:35:54.496  INFO 8064 --- [           main] o.s.b.w.servlet.FilterRegistrationBean   : Mapping filter: 'servletContainer' to urls: [/eureka/*]
2017-10-30 19:35:54.497  INFO 8064 --- [           main] o.s.b.w.servlet.FilterRegistrationBean   : Mapping filter: 'applicationContextIdFilter' to: [/*]
2017-10-30 19:35:54.497  INFO 8064 --- [           main] o.s.b.w.servlet.ServletRegistrationBean  : Mapping servlet: 'dispatcherServlet' to [/]
2017-10-30 19:35:57.180  INFO 8064 --- [           main] s.w.s.m.m.a.RequestMappingHandlerAdapter : Looking for @ControllerAdvice: org.springframework.boot.context.embedded.AnnotationConfigEmbeddedWebApplicationContext@47a020: startup date [Mon Oct 30 19:35:47 CET 2017]; parent: org.springframework.context.annotation.AnnotationConfigApplicationContext@677343
2017-10-30 19:35:57.468  INFO 8064 --- [           main] s.w.s.m.m.a.RequestMappingHandlerMapping : Mapped "{[/error]}" onto public org.springframework.http.ResponseEntity<java.util.Map<java.lang.String, java.lang.Object>> org.springframework.boot.autoconfigure.web.BasicErrorController.error(javax.servlet.http.HttpServletRequest)
2017-10-30 19:35:57.469  INFO 8064 --- [           main] s.w.s.m.m.a.RequestMappingHandlerMapping : Mapped "{[/error],produces=[text/html]}" onto public org.springframework.web.servlet.ModelAndView org.springframework.boot.autoconfigure.web.BasicErrorController.errorHtml(javax.servlet.http.HttpServletRequest,javax.servlet.http.HttpServletResponse)
2017-10-30 19:35:57.480  INFO 8064 --- [           main] s.w.s.m.m.a.RequestMappingHandlerMapping : Mapped "{[/],methods=[GET]}" onto public java.lang.String org.springframework.cloud.netflix.eureka.server.EurekaController.status(javax.servlet.http.HttpServletRequest,java.util.Map<java.lang.String, java.lang.Object>)
2017-10-30 19:35:57.481  INFO 8064 --- [           main] s.w.s.m.m.a.RequestMappingHandlerMapping : Mapped "{[/lastn],methods=[GET]}" onto public java.lang.String org.springframework.cloud.netflix.eureka.server.EurekaController.lastn(javax.servlet.http.HttpServletRequest,java.util.Map<java.lang.String, java.lang.Object>)
2017-10-30 19:35:57.562  INFO 8064 --- [           main] o.s.w.s.handler.SimpleUrlHandlerMapping  : Mapped URL path [/webjars/**] onto handler of type [class org.springframework.web.servlet.resource.ResourceHttpRequestHandler]
2017-10-30 19:35:57.563  INFO 8064 --- [           main] o.s.w.s.handler.SimpleUrlHandlerMapping  : Mapped URL path [/**] onto handler of type [class org.springframework.web.servlet.resource.ResourceHttpRequestHandler]
2017-10-30 19:35:57.687  INFO 8064 --- [           main] o.s.w.s.handler.SimpleUrlHandlerMapping  : Mapped URL path [/**/favicon.ico] onto handler of type [class org.springframework.web.servlet.resource.ResourceHttpRequestHandler]
2017-10-30 19:35:59.269  INFO 8064 --- [           main] o.s.b.a.e.mvc.EndpointHandlerMapping     : Mapped "{[/health || /health.json],methods=[GET],produces=[application/vnd.spring-boot.actuator.v1+json || application/json]}" onto public java.lang.Object org.springframework.boot.actuate.endpoint.mvc.HealthMvcEndpoint.invoke(javax.servlet.http.HttpServletRequest,java.security.Principal)
2017-10-30 19:35:59.270  INFO 8064 --- [           main] o.s.b.a.e.mvc.EndpointHandlerMapping     : Mapped "{[/refresh || /refresh.json],methods=[POST]}" onto public java.lang.Object org.springframework.cloud.endpoint.GenericPostableMvcEndpoint.invoke()
2017-10-30 19:35:59.272  INFO 8064 --- [           main] o.s.b.a.e.mvc.EndpointHandlerMapping     : Mapped "{[/mappings || /mappings.json],methods=[GET],produces=[application/vnd.spring-boot.actuator.v1+json || application/json]}" onto public java.lang.Object org.springframework.boot.actuate.endpoint.mvc.EndpointMvcAdapter.invoke()
2017-10-30 19:35:59.274  INFO 8064 --- [           main] o.s.b.a.e.mvc.EndpointHandlerMapping     : Mapped "{[/service-registry/instance-status],methods=[GET]}" onto public org.springframework.http.ResponseEntity org.springframework.cloud.client.serviceregistry.endpoint.ServiceRegistryEndpoint.getStatus()
2017-10-30 19:35:59.276  INFO 8064 --- [           main] o.s.b.a.e.mvc.EndpointHandlerMapping     : Mapped "{[/service-registry/instance-status],methods=[POST]}" onto public org.springframework.http.ResponseEntity<?> org.springframework.cloud.client.serviceregistry.endpoint.ServiceRegistryEndpoint.setStatus(java.lang.String)
2017-10-30 19:35:59.277  INFO 8064 --- [           main] o.s.b.a.e.mvc.EndpointHandlerMapping     : Mapped "{[/archaius || /archaius.json],methods=[GET],produces=[application/vnd.spring-boot.actuator.v1+json || application/json]}" onto public java.lang.Object org.springframework.boot.actuate.endpoint.mvc.EndpointMvcAdapter.invoke()
2017-10-30 19:35:59.281  INFO 8064 --- [           main] o.s.b.a.e.mvc.EndpointHandlerMapping     : Mapped "{[/metrics/{name:.*}],methods=[GET],produces=[application/vnd.spring-boot.actuator.v1+json || application/json]}" onto public java.lang.Object org.springframework.boot.actuate.endpoint.mvc.MetricsMvcEndpoint.value(java.lang.String)
2017-10-30 19:35:59.282  INFO 8064 --- [           main] o.s.b.a.e.mvc.EndpointHandlerMapping     : Mapped "{[/metrics || /metrics.json],methods=[GET],produces=[application/vnd.spring-boot.actuator.v1+json || application/json]}" onto public java.lang.Object org.springframework.boot.actuate.endpoint.mvc.EndpointMvcAdapter.invoke()
2017-10-30 19:35:59.283  INFO 8064 --- [           main] o.s.b.a.e.mvc.EndpointHandlerMapping     : Mapped "{[/resume || /resume.json],methods=[POST]}" onto public java.lang.Object org.springframework.cloud.endpoint.GenericPostableMvcEndpoint.invoke()
2017-10-30 19:35:59.284  INFO 8064 --- [           main] o.s.b.a.e.mvc.EndpointHandlerMapping     : Mapped "{[/configprops || /configprops.json],methods=[GET],produces=[application/vnd.spring-boot.actuator.v1+json || application/json]}" onto public java.lang.Object org.springframework.boot.actuate.endpoint.mvc.EndpointMvcAdapter.invoke()
2017-10-30 19:35:59.286  INFO 8064 --- [           main] o.s.b.a.e.mvc.EndpointHandlerMapping     : Mapped "{[/heapdump || /heapdump.json],methods=[GET],produces=[application/octet-stream]}" onto public void org.springframework.boot.actuate.endpoint.mvc.HeapdumpMvcEndpoint.invoke(boolean,javax.servlet.http.HttpServletRequest,javax.servlet.http.HttpServletResponse) throws java.io.IOException,javax.servlet.ServletException
2017-10-30 19:35:59.290  INFO 8064 --- [           main] o.s.b.a.e.mvc.EndpointHandlerMapping     : Mapped "{[/autoconfig || /autoconfig.json],methods=[GET],produces=[application/vnd.spring-boot.actuator.v1+json || application/json]}" onto public java.lang.Object org.springframework.boot.actuate.endpoint.mvc.EndpointMvcAdapter.invoke()
2017-10-30 19:35:59.293  INFO 8064 --- [           main] o.s.b.a.e.mvc.EndpointHandlerMapping     : Mapped "{[/loggers/{name:.*}],methods=[GET],produces=[application/vnd.spring-boot.actuator.v1+json || application/json]}" onto public java.lang.Object org.springframework.boot.actuate.endpoint.mvc.LoggersMvcEndpoint.get(java.lang.String)
2017-10-30 19:35:59.295  INFO 8064 --- [           main] o.s.b.a.e.mvc.EndpointHandlerMapping     : Mapped "{[/loggers/{name:.*}],methods=[POST],consumes=[application/vnd.spring-boot.actuator.v1+json || application/json],produces=[application/vnd.spring-boot.actuator.v1+json || application/json]}" onto public java.lang.Object org.springframework.boot.actuate.endpoint.mvc.LoggersMvcEndpoint.set(java.lang.String,java.util.Map<java.lang.String, java.lang.String>)
2017-10-30 19:35:59.295  INFO 8064 --- [           main] o.s.b.a.e.mvc.EndpointHandlerMapping     : Mapped "{[/loggers || /loggers.json],methods=[GET],produces=[application/vnd.spring-boot.actuator.v1+json || application/json]}" onto public java.lang.Object org.springframework.boot.actuate.endpoint.mvc.EndpointMvcAdapter.invoke()
2017-10-30 19:35:59.298  INFO 8064 --- [           main] o.s.b.a.e.mvc.EndpointHandlerMapping     : Mapped "{[/env],methods=[POST]}" onto public java.lang.Object org.springframework.cloud.context.environment.EnvironmentManagerMvcEndpoint.value(java.util.Map<java.lang.String, java.lang.String>)
2017-10-30 19:35:59.299  INFO 8064 --- [           main] o.s.b.a.e.mvc.EndpointHandlerMapping     : Mapped "{[/env/reset],methods=[POST]}" onto public java.util.Map<java.lang.String, java.lang.Object> org.springframework.cloud.context.environment.EnvironmentManagerMvcEndpoint.reset()
2017-10-30 19:35:59.303  INFO 8064 --- [           main] o.s.b.a.e.mvc.EndpointHandlerMapping     : Mapped "{[/beans || /beans.json],methods=[GET],produces=[application/vnd.spring-boot.actuator.v1+json || application/json]}" onto public java.lang.Object org.springframework.boot.actuate.endpoint.mvc.EndpointMvcAdapter.invoke()
2017-10-30 19:35:59.306  INFO 8064 --- [           main] o.s.b.a.e.mvc.EndpointHandlerMapping     : Mapped "{[/restart || /restart.json],methods=[POST]}" onto public java.lang.Object org.springframework.cloud.context.restart.RestartMvcEndpoint.invoke()
2017-10-30 19:35:59.307  INFO 8064 --- [           main] o.s.b.a.e.mvc.EndpointHandlerMapping     : Mapped "{[/trace || /trace.json],methods=[GET],produces=[application/vnd.spring-boot.actuator.v1+json || application/json]}" onto public java.lang.Object org.springframework.boot.actuate.endpoint.mvc.EndpointMvcAdapter.invoke()
2017-10-30 19:35:59.309  INFO 8064 --- [           main] o.s.b.a.e.mvc.EndpointHandlerMapping     : Mapped "{[/env/{name:.*}],methods=[GET],produces=[application/vnd.spring-boot.actuator.v1+json || application/json]}" onto public java.lang.Object org.springframework.boot.actuate.endpoint.mvc.EnvironmentMvcEndpoint.value(java.lang.String)
2017-10-30 19:35:59.309  INFO 8064 --- [           main] o.s.b.a.e.mvc.EndpointHandlerMapping     : Mapped "{[/env || /env.json],methods=[GET],produces=[application/vnd.spring-boot.actuator.v1+json || application/json]}" onto public java.lang.Object org.springframework.boot.actuate.endpoint.mvc.EndpointMvcAdapter.invoke()
2017-10-30 19:35:59.311  INFO 8064 --- [           main] o.s.b.a.e.mvc.EndpointHandlerMapping     : Mapped "{[/auditevents || /auditevents.json],methods=[GET],produces=[application/vnd.spring-boot.actuator.v1+json || application/json]}" onto public org.springframework.http.ResponseEntity<?> org.springframework.boot.actuate.endpoint.mvc.AuditEventsMvcEndpoint.findByPrincipalAndAfterAndType(java.lang.String,java.util.Date,java.lang.String)
2017-10-30 19:35:59.311  INFO 8064 --- [           main] o.s.b.a.e.mvc.EndpointHandlerMapping     : Mapped "{[/pause || /pause.json],methods=[POST]}" onto public java.lang.Object org.springframework.cloud.endpoint.GenericPostableMvcEndpoint.invoke()
2017-10-30 19:35:59.312  INFO 8064 --- [           main] o.s.b.a.e.mvc.EndpointHandlerMapping     : Mapped "{[/info || /info.json],methods=[GET],produces=[application/vnd.spring-boot.actuator.v1+json || application/json]}" onto public java.lang.Object org.springframework.boot.actuate.endpoint.mvc.EndpointMvcAdapter.invoke()
2017-10-30 19:35:59.313  INFO 8064 --- [           main] o.s.b.a.e.mvc.EndpointHandlerMapping     : Mapped "{[/dump || /dump.json],methods=[GET],produces=[application/vnd.spring-boot.actuator.v1+json || application/json]}" onto public java.lang.Object org.springframework.boot.actuate.endpoint.mvc.EndpointMvcAdapter.invoke()
2017-10-30 19:35:59.314  INFO 8064 --- [           main] o.s.b.a.e.mvc.EndpointHandlerMapping     : Mapped "{[/features || /features.json],methods=[GET],produces=[application/vnd.spring-boot.actuator.v1+json || application/json]}" onto public java.lang.Object org.springframework.boot.actuate.endpoint.mvc.EndpointMvcAdapter.invoke()
2017-10-30 19:35:59.662  INFO 8064 --- [           main] o.s.ui.freemarker.SpringTemplateLoader   : SpringTemplateLoader for FreeMarker: using resource loader [org.springframework.boot.context.embedded.AnnotationConfigEmbeddedWebApplicationContext@47a020: startup date [Mon Oct 30 19:35:47 CET 2017]; parent: org.springframework.context.annotation.AnnotationConfigApplicationContext@677343] and template loader path [classpath:/templates/]
2017-10-30 19:35:59.664  INFO 8064 --- [           main] o.s.w.s.v.f.FreeMarkerConfigurer         : ClassTemplateLoader for Spring macros added to FreeMarker configuration
2017-10-30 19:35:59.981  WARN 8064 --- [           main] c.n.c.sources.URLConfigurationSource     : No URLs will be polled as dynamic configuration sources.
2017-10-30 19:35:59.982  INFO 8064 --- [           main] c.n.c.sources.URLConfigurationSource     : To enable URLs as dynamic configuration sources, define System property archaius.configurationSource.additionalUrls or make config.properties available on classpath.
2017-10-30 19:35:59.996  WARN 8064 --- [           main] c.n.c.sources.URLConfigurationSource     : No URLs will be polled as dynamic configuration sources.
2017-10-30 19:35:59.997  INFO 8064 --- [           main] c.n.c.sources.URLConfigurationSource     : To enable URLs as dynamic configuration sources, define System property archaius.configurationSource.additionalUrls or make config.properties available on classpath.
2017-10-30 19:36:00.394  INFO 8064 --- [           main] o.s.c.n.eureka.InstanceInfoFactory       : Setting initial instance status as: STARTING
2017-10-30 19:36:00.496  INFO 8064 --- [           main] com.netflix.discovery.DiscoveryClient    : Initializing Eureka in region us-east-1
2017-10-30 19:36:00.497  INFO 8064 --- [           main] com.netflix.discovery.DiscoveryClient    : Client configured to neither register nor query for data.
2017-10-30 19:36:00.521  INFO 8064 --- [           main] com.netflix.discovery.DiscoveryClient    : Discovery Client initialized at timestamp 1509388560520 with initial instances count: 0
2017-10-30 19:36:00.821  INFO 8064 --- [           main] c.n.eureka.DefaultEurekaServerContext    : Initializing ...
2017-10-30 19:36:00.825  INFO 8064 --- [           main] c.n.eureka.cluster.PeerEurekaNodes       : Adding new peer nodes [http://localhost:9091/eureka/]
2017-10-30 19:36:01.108  INFO 8064 --- [           main] c.n.d.provider.DiscoveryJerseyProvider   : Using JSON encoding codec LegacyJacksonJson
2017-10-30 19:36:01.108  INFO 8064 --- [           main] c.n.d.provider.DiscoveryJerseyProvider   : Using JSON decoding codec LegacyJacksonJson
2017-10-30 19:36:01.108  INFO 8064 --- [           main] c.n.d.provider.DiscoveryJerseyProvider   : Using XML encoding codec XStreamXml
2017-10-30 19:36:01.108  INFO 8064 --- [           main] c.n.d.provider.DiscoveryJerseyProvider   : Using XML decoding codec XStreamXml
2017-10-30 19:36:01.594  INFO 8064 --- [           main] c.n.eureka.cluster.PeerEurekaNodes       : Replica node URL:  http://localhost:9091/eureka/
2017-10-30 19:36:01.613  INFO 8064 --- [           main] c.n.e.registry.AbstractInstanceRegistry  : Finished initializing remote region registries. All known remote regions: []
2017-10-30 19:36:01.614  INFO 8064 --- [           main] c.n.eureka.DefaultEurekaServerContext    : Initialized
2017-10-30 19:36:01.759  INFO 8064 --- [           main] o.s.j.e.a.AnnotationMBeanExporter        : Registering beans for JMX exposure on startup
2017-10-30 19:36:01.772  INFO 8064 --- [           main] o.s.j.e.a.AnnotationMBeanExporter        : Bean with name 'environmentManager' has been autodetected for JMX exposure
2017-10-30 19:36:01.775  INFO 8064 --- [           main] o.s.j.e.a.AnnotationMBeanExporter        : Bean with name 'configurationPropertiesRebinder' has been autodetected for JMX exposure
2017-10-30 19:36:01.776  INFO 8064 --- [           main] o.s.j.e.a.AnnotationMBeanExporter        : Bean with name 'refreshEndpoint' has been autodetected for JMX exposure
2017-10-30 19:36:01.777  INFO 8064 --- [           main] o.s.j.e.a.AnnotationMBeanExporter        : Bean with name 'restartEndpoint' has been autodetected for JMX exposure
2017-10-30 19:36:01.778  INFO 8064 --- [           main] o.s.j.e.a.AnnotationMBeanExporter        : Bean with name 'serviceRegistryEndpoint' has been autodetected for JMX exposure
2017-10-30 19:36:01.779  INFO 8064 --- [           main] o.s.j.e.a.AnnotationMBeanExporter        : Bean with name 'refreshScope' has been autodetected for JMX exposure
2017-10-30 19:36:01.782  INFO 8064 --- [           main] o.s.j.e.a.AnnotationMBeanExporter        : Located managed bean 'environmentManager': registering with JMX server as MBean [org.springframework.cloud.context.environment:name=environmentManager,type=EnvironmentManager]
2017-10-30 19:36:01.798  INFO 8064 --- [           main] o.s.j.e.a.AnnotationMBeanExporter        : Located managed bean 'restartEndpoint': registering with JMX server as MBean [org.springframework.cloud.context.restart:name=restartEndpoint,type=RestartEndpoint]
2017-10-30 19:36:01.813  INFO 8064 --- [           main] o.s.j.e.a.AnnotationMBeanExporter        : Located managed bean 'serviceRegistryEndpoint': registering with JMX server as MBean [org.springframework.cloud.client.serviceregistry.endpoint:name=serviceRegistryEndpoint,type=ServiceRegistryEndpoint]
2017-10-30 19:36:01.822  INFO 8064 --- [           main] o.s.j.e.a.AnnotationMBeanExporter        : Located managed bean 'refreshScope': registering with JMX server as MBean [org.springframework.cloud.context.scope.refresh:name=refreshScope,type=RefreshScope]
2017-10-30 19:36:01.841  INFO 8064 --- [           main] o.s.j.e.a.AnnotationMBeanExporter        : Located managed bean 'configurationPropertiesRebinder': registering with JMX server as MBean [org.springframework.cloud.context.properties:name=configurationPropertiesRebinder,context=47a020,type=ConfigurationPropertiesRebinder]
2017-10-30 19:36:01.848  INFO 8064 --- [           main] o.s.j.e.a.AnnotationMBeanExporter        : Located managed bean 'refreshEndpoint': registering with JMX server as MBean [org.springframework.cloud.endpoint:name=refreshEndpoint,type=RefreshEndpoint]
2017-10-30 19:36:02.216  INFO 8064 --- [           main] o.s.c.support.DefaultLifecycleProcessor  : Starting beans in phase 0
2017-10-30 19:36:02.216  INFO 8064 --- [           main] o.s.c.n.e.s.EurekaServiceRegistry        : Registering application DiscoveryServer with eureka with status UP
2017-10-30 19:36:02.286  INFO 8064 --- [      Thread-11] o.s.c.n.e.server.EurekaServerBootstrap   : Setting the eureka configuration..
2017-10-30 19:36:02.287  INFO 8064 --- [      Thread-11] o.s.c.n.e.server.EurekaServerBootstrap   : Eureka data center value eureka.datacenter is not set, defaulting to default
2017-10-30 19:36:02.287  INFO 8064 --- [      Thread-11] o.s.c.n.e.server.EurekaServerBootstrap   : Eureka environment value eureka.environment is not set, defaulting to test
2017-10-30 19:36:02.304  INFO 8064 --- [      Thread-11] o.s.c.n.e.server.EurekaServerBootstrap   : isAws returned false
2017-10-30 19:36:02.306  INFO 8064 --- [      Thread-11] o.s.c.n.e.server.EurekaServerBootstrap   : Initialized server context
2017-10-30 19:36:02.306  INFO 8064 --- [      Thread-11] c.n.e.r.PeerAwareInstanceRegistryImpl    : Got 1 instances from neighboring DS node
2017-10-30 19:36:02.306  INFO 8064 --- [      Thread-11] c.n.e.r.PeerAwareInstanceRegistryImpl    : Renew threshold is: 1
2017-10-30 19:36:02.307  INFO 8064 --- [      Thread-11] c.n.e.r.PeerAwareInstanceRegistryImpl    : Changing status to UP
2017-10-30 19:36:02.316  INFO 8064 --- [      Thread-11] e.s.EurekaServerInitializerConfiguration : Started Eureka Server
2017-10-30 19:36:02.365  INFO 8064 --- [           main] b.c.e.u.UndertowEmbeddedServletContainer : Undertow started on port(s) 9091 (http)
2017-10-30 19:36:02.366  INFO 8064 --- [           main] .s.c.n.e.s.EurekaAutoServiceRegistration : Updating port to 9091
2017-10-30 19:36:02.371  INFO 8064 --- [           main] support.discovery.EurekaApplication      : Started EurekaApplication in 26.193 seconds (JVM running for 27.97)
2017-10-30 19:36:02.822  INFO 8064 --- [  XNIO-2 task-1] c.s.j.s.i.a.WebApplicationImpl           : Initiating Jersey application, version 'Jersey: 1.19.1 03/11/2016 02:08 PM'
2017-10-30 19:36:02.890  INFO 8064 --- [  XNIO-2 task-1] c.n.d.provider.DiscoveryJerseyProvider   : Using JSON encoding codec LegacyJacksonJson
2017-10-30 19:36:02.890  INFO 8064 --- [  XNIO-2 task-1] c.n.d.provider.DiscoveryJerseyProvider   : Using JSON decoding codec LegacyJacksonJson
2017-10-30 19:36:02.890  INFO 8064 --- [  XNIO-2 task-1] c.n.d.provider.DiscoveryJerseyProvider   : Using XML encoding codec XStreamXml
2017-10-30 19:36:02.890  INFO 8064 --- [  XNIO-2 task-1] c.n.d.provider.DiscoveryJerseyProvider   : Using XML decoding codec XStreamXml
2017-10-30 19:36:03.682  INFO 8064 --- [  XNIO-2 task-4] c.n.e.registry.AbstractInstanceRegistry  : Registered instance ORDER-COMPOSITE-SERVICE/CPX-V8UGHTLQJDJ.dir.svc.accenture.com:order-composite-service:0 with status UP (replication=false)
2017-10-30 19:36:03.682  INFO 8064 --- [  XNIO-2 task-3] c.n.e.registry.AbstractInstanceRegistry  : Registered instance SHIPPING-SERVICE/shipping-service:6ae7cd2c87b57654559b820714112287 with status UP (replication=false)
2017-10-30 19:36:04.387  INFO 8064 --- [  XNIO-2 task-5] c.n.e.registry.AbstractInstanceRegistry  : Registered instance SHIPPING-SERVICE/shipping-service:6ae7cd2c87b57654559b820714112287 with status UP (replication=true)
2017-10-30 19:36:04.387  INFO 8064 --- [  XNIO-2 task-5] c.n.e.registry.AbstractInstanceRegistry  : Registered instance ORDER-COMPOSITE-SERVICE/CPX-V8UGHTLQJDJ.dir.svc.accenture.com:order-composite-service:0 with status UP (replication=true)
2017-10-30 19:36:05.526  INFO 8064 --- [  XNIO-2 task-7] c.n.e.registry.AbstractInstanceRegistry  : Registered instance EDGESERVER/edgeserver:6dddb161f18e5e74c18ea51b411a7318 with status UP (replication=false)
2017-10-30 19:36:06.052  INFO 8064 --- [  XNIO-2 task-8] c.n.e.registry.AbstractInstanceRegistry  : Registered instance EDGESERVER/edgeserver:6dddb161f18e5e74c18ea51b411a7318 with status UP (replication=true)
2017-10-30 19:36:07.046  WARN 8064 --- [  XNIO-2 task-9] c.n.e.registry.AbstractInstanceRegistry  : DS: Registry: lease doesn't exist, registering resource: WAREHOUSE-SERVICE - warehouse-service:94d12013e6f888a47a48768ce7cca770
2017-10-30 19:36:07.047  WARN 8064 --- [  XNIO-2 task-9] c.n.eureka.resources.InstanceResource    : Not Found (Renew): WAREHOUSE-SERVICE - warehouse-service:94d12013e6f888a47a48768ce7cca770
2017-10-30 19:36:07.160  INFO 8064 --- [ XNIO-2 task-10] c.n.e.registry.AbstractInstanceRegistry  : Registered instance WAREHOUSE-SERVICE/warehouse-service:94d12013e6f888a47a48768ce7cca770 with status UP (replication=false)
2017-10-30 19:36:07.686  INFO 8064 --- [ XNIO-2 task-11] c.n.e.registry.AbstractInstanceRegistry  : Registered instance WAREHOUSE-SERVICE/warehouse-service:94d12013e6f888a47a48768ce7cca770 with status UP (replication=true)
2017-10-30 19:36:29.390  INFO 8064 --- [ XNIO-2 task-25] c.n.e.registry.AbstractInstanceRegistry  : Registered instance WAREHOUSE-SERVICE/warehouse-service:94d12013e6f888a47a48768ce7cca770 with status UP (replication=false)
2017-10-30 19:36:29.902  INFO 8064 --- [ XNIO-2 task-26] c.n.e.registry.AbstractInstanceRegistry  : Registered instance WAREHOUSE-SERVICE/warehouse-service:94d12013e6f888a47a48768ce7cca770 with status UP (replication=true)
2017-10-30 19:37:02.312  INFO 8064 --- [a-EvictionTimer] c.n.e.registry.AbstractInstanceRegistry  : Running the evict task with compensationTime 0ms
2017-10-30 19:38:02.315  INFO 8064 --- [a-EvictionTimer] c.n.e.registry.AbstractInstanceRegistry  : Running the evict task with compensationTime 0ms
2017-10-30 19:39:02.320  INFO 8064 --- [a-EvictionTimer] c.n.e.registry.AbstractInstanceRegistry  : Running the evict task with compensationTime 4ms
2017-10-30 19:40:02.331  INFO 8064 --- [a-EvictionTimer] c.n.e.registry.AbstractInstanceRegistry  : Running the evict task with compensationTime 4ms
2017-10-30 19:41:02.340  INFO 8064 --- [a-EvictionTimer] c.n.e.registry.AbstractInstanceRegistry  : Running the evict task with compensationTime 3ms
2017-10-30 19:42:02.349  INFO 8064 --- [a-EvictionTimer] c.n.e.registry.AbstractInstanceRegistry  : Running the evict task with compensationTime 1ms
2017-10-30 19:43:02.358  INFO 8064 --- [a-EvictionTimer] c.n.e.registry.AbstractInstanceRegistry  : Running the evict task with compensationTime 2ms
2017-10-30 19:44:02.365  INFO 8064 --- [a-EvictionTimer] c.n.e.registry.AbstractInstanceRegistry  : Running the evict task with compensationTime 0ms
2017-10-30 19:45:02.368  INFO 8064 --- [a-EvictionTimer] c.n.e.registry.AbstractInstanceRegistry  : Running the evict task with compensationTime 1ms
2017-10-30 19:46:02.372  INFO 8064 --- [a-EvictionTimer] c.n.e.registry.AbstractInstanceRegistry  : Running the evict task with compensationTime 2ms
2017-10-30 19:47:02.377  INFO 8064 --- [a-EvictionTimer] c.n.e.registry.AbstractInstanceRegistry  : Running the evict task with compensationTime 2ms
2017-10-30 19:48:02.379  INFO 8064 --- [a-EvictionTimer] c.n.e.registry.AbstractInstanceRegistry  : Running the evict task with compensationTime 0ms
2017-10-30 19:49:02.384  INFO 8064 --- [a-EvictionTimer] c.n.e.registry.AbstractInstanceRegistry  : Running the evict task with compensationTime 3ms
2017-10-30 19:50:02.387  INFO 8064 --- [a-EvictionTimer] c.n.e.registry.AbstractInstanceRegistry  : Running the evict task with compensationTime 2ms
2017-10-30 19:51:01.660  INFO 8064 --- [hresholdUpdater] c.n.e.r.PeerAwareInstanceRegistryImpl    : Current renewal threshold is : 8
2017-10-30 19:51:02.390  INFO 8064 --- [a-EvictionTimer] c.n.e.registry.AbstractInstanceRegistry  : Running the evict task with compensationTime 1ms
2017-10-30 19:52:02.395  INFO 8064 --- [a-EvictionTimer] c.n.e.registry.AbstractInstanceRegistry  : Running the evict task with compensationTime 3ms
2017-10-30 19:53:02.396  INFO 8064 --- [a-EvictionTimer] c.n.e.registry.AbstractInstanceRegistry  : Running the evict task with compensationTime 0ms
2017-10-30 19:54:02.398  INFO 8064 --- [a-EvictionTimer] c.n.e.registry.AbstractInstanceRegistry  : Running the evict task with compensationTime 0ms
2017-10-30 19:55:02.402  INFO 8064 --- [a-EvictionTimer] c.n.e.registry.AbstractInstanceRegistry  : Running the evict task with compensationTime 2ms
2017-10-30 19:56:02.405  INFO 8064 --- [a-EvictionTimer] c.n.e.registry.AbstractInstanceRegistry  : Running the evict task with compensationTime 1ms
